<?xml version="1.0" encoding="UTF-8"?>
<!-- Generated by org.testng.reporters.JUnitReportReporter -->
<testsuite skipped="0" hostname="WSO2s-MacBook-Pro-7.local" name="org.wso2.carbon.identity.casque.authenticator.authenticator.CasqueAuthenticatorTest" tests="14" failures="0" timestamp="06 Dec 2018 09:59:37 GMT" time="1.526" errors="0">
  <testcase name="testGetCasqueTokenIdforToknIdForUnableToGetTokenId" time="0.030" classname="org.wso2.carbon.identity.casque.authenticator.authenticator.CasqueAuthenticatorTest"/>
  <testcase name="testProcessLogoutRequest" time="0.044" classname="org.wso2.carbon.identity.casque.authenticator.authenticator.CasqueAuthenticatorTest"/>
  <testcase name="testRetryAuthenticationEnabled" time="0.028" classname="org.wso2.carbon.identity.casque.authenticator.authenticator.CasqueAuthenticatorTest"/>
  <testcase name="testGetName" time="0.026" classname="org.wso2.carbon.identity.casque.authenticator.authenticator.CasqueAuthenticatorTest"/>
  <testcase name="testGetCasqueTokenId" time="0.146" classname="org.wso2.carbon.identity.casque.authenticator.authenticator.CasqueAuthenticatorTest"/>
  <testcase name="testCanHandle" time="0.034" classname="org.wso2.carbon.identity.casque.authenticator.authenticator.CasqueAuthenticatorTest"/>
  <testcase name="testGetCasqueTokenIdforTokenNull" time="0.032" classname="org.wso2.carbon.identity.casque.authenticator.authenticator.CasqueAuthenticatorTest"/>
  <testcase name="testGetFriendlyName" time="0.028" classname="org.wso2.carbon.identity.casque.authenticator.authenticator.CasqueAuthenticatorTest"/>
  <testcase name="testProcessRadiusState" time="0.036" classname="org.wso2.carbon.identity.casque.authenticator.authenticator.CasqueAuthenticatorTest"/>
  <testcase name="testGetCasqueTokenIdforToknIdBadFormat" time="0.034" classname="org.wso2.carbon.identity.casque.authenticator.authenticator.CasqueAuthenticatorTest"/>
  <testcase name="testProcessRadiusState3" time="0.080" classname="org.wso2.carbon.identity.casque.authenticator.authenticator.CasqueAuthenticatorTest"/>
  <testcase name="testProcessRadiusState5" time="0.046" classname="org.wso2.carbon.identity.casque.authenticator.authenticator.CasqueAuthenticatorTest"/>
  <testcase name="testProcessRadiusState2" time="0.940" classname="org.wso2.carbon.identity.casque.authenticator.authenticator.CasqueAuthenticatorTest"/>
  <testcase name="testProcessRadiusStateLoginFail" time="0.022" classname="org.wso2.carbon.identity.casque.authenticator.authenticator.CasqueAuthenticatorTest"/>
</testsuite> <!-- org.wso2.carbon.identity.casque.authenticator.authenticator.CasqueAuthenticatorTest -->
