<?xml version="1.0" encoding="UTF-8"?>
<testsuite name="org.wso2.carbon.identity.casque.authenticator.authenticator.CasqueAuthenticatorTest" time="0.191" tests="14" errors="0" skipped="0" failures="0">
  <properties>
    <property name="java.runtime.name" value="Java(TM) SE Runtime Environment"/>
    <property name="sun.boot.library.path" value="/Library/Java/JavaVirtualMachines/jdk1.8.0_171.jdk/Contents/Home/jre/lib"/>
    <property name="java.vm.version" value="25.171-b11"/>
    <property name="gopherProxySet" value="false"/>
    <property name="java.vm.vendor" value="Oracle Corporation"/>
    <property name="maven.multiModuleProjectDirectory" value="/Users/wijith/Desktop/CASQUE/V-1.1.0/casque_authenticator"/>
    <property name="java.vendor.url" value="http://java.oracle.com/"/>
    <property name="path.separator" value=":"/>
    <property name="guice.disable.misplaced.annotation.check" value="true"/>
    <property name="java.vm.name" value="Java HotSpot(TM) 64-Bit Server VM"/>
    <property name="file.encoding.pkg" value="sun.io"/>
    <property name="user.country" value="LK"/>
    <property name="sun.java.launcher" value="SUN_STANDARD"/>
    <property name="sun.os.patch.level" value="unknown"/>
    <property name="java.vm.specification.name" value="Java Virtual Machine Specification"/>
    <property name="user.dir" value="/Users/wijith/Desktop/CASQUE/V-1.1.0/casque_authenticator"/>
    <property name="java.runtime.version" value="1.8.0_171-b11"/>
    <property name="java.awt.graphicsenv" value="sun.awt.CGraphicsEnvironment"/>
    <property name="java.endorsed.dirs" value="/Library/Java/JavaVirtualMachines/jdk1.8.0_171.jdk/Contents/Home/jre/lib/endorsed"/>
    <property name="os.arch" value="x86_64"/>
    <property name="java.io.tmpdir" value="/var/folders/zx/qqxs3k2d3h96vdr3grdjyzrm0000gp/T/"/>
    <property name="line.separator" value="&#10;"/>
    <property name="java.vm.specification.vendor" value="Oracle Corporation"/>
    <property name="os.name" value="Mac OS X"/>
    <property name="classworlds.conf" value="/Applications/apache-maven-3.5.3/bin/m2.conf"/>
    <property name="sun.jnu.encoding" value="UTF-8"/>
    <property name="java.library.path" value="/Users/wijith/Library/Java/Extensions:/Library/Java/Extensions:/Network/Library/Java/Extensions:/System/Library/Java/Extensions:/usr/lib/java:."/>
    <property name="maven.conf" value="/Applications/apache-maven-3.5.3/conf"/>
    <property name="java.specification.name" value="Java Platform API Specification"/>
    <property name="java.class.version" value="52.0"/>
    <property name="sun.management.compiler" value="HotSpot 64-Bit Tiered Compilers"/>
    <property name="os.version" value="10.14"/>
    <property name="library.jansi.path" value="/Applications/apache-maven-3.5.3/lib/jansi-native"/>
    <property name="user.home" value="/Users/wijith"/>
    <property name="user.timezone" value="Asia/Colombo"/>
    <property name="java.awt.printerjob" value="sun.lwawt.macosx.CPrinterJob"/>
    <property name="java.specification.version" value="1.8"/>
    <property name="file.encoding" value="UTF-8"/>
    <property name="user.name" value="wijith"/>
    <property name="java.class.path" value="/Applications/apache-maven-3.5.3/boot/plexus-classworlds-2.5.2.jar"/>
    <property name="java.vm.specification.version" value="1.8"/>
    <property name="sun.arch.data.model" value="64"/>
    <property name="java.home" value="/Library/Java/JavaVirtualMachines/jdk1.8.0_171.jdk/Contents/Home/jre"/>
    <property name="sun.java.command" value="org.codehaus.plexus.classworlds.launcher.Launcher clean install"/>
    <property name="java.specification.vendor" value="Oracle Corporation"/>
    <property name="user.language" value="en"/>
    <property name="awt.toolkit" value="sun.lwawt.macosx.LWCToolkit"/>
    <property name="java.vm.info" value="mixed mode"/>
    <property name="java.version" value="1.8.0_171"/>
    <property name="java.ext.dirs" value="/Users/wijith/Library/Java/Extensions:/Library/Java/JavaVirtualMachines/jdk1.8.0_171.jdk/Contents/Home/jre/lib/ext:/Library/Java/Extensions:/Network/Library/Java/Extensions:/System/Library/Java/Extensions:/usr/lib/java"/>
    <property name="sun.boot.class.path" value="/Library/Java/JavaVirtualMachines/jdk1.8.0_171.jdk/Contents/Home/jre/lib/resources.jar:/Library/Java/JavaVirtualMachines/jdk1.8.0_171.jdk/Contents/Home/jre/lib/rt.jar:/Library/Java/JavaVirtualMachines/jdk1.8.0_171.jdk/Contents/Home/jre/lib/sunrsasign.jar:/Library/Java/JavaVirtualMachines/jdk1.8.0_171.jdk/Contents/Home/jre/lib/jsse.jar:/Library/Java/JavaVirtualMachines/jdk1.8.0_171.jdk/Contents/Home/jre/lib/jce.jar:/Library/Java/JavaVirtualMachines/jdk1.8.0_171.jdk/Contents/Home/jre/lib/charsets.jar:/Library/Java/JavaVirtualMachines/jdk1.8.0_171.jdk/Contents/Home/jre/lib/jfr.jar:/Library/Java/JavaVirtualMachines/jdk1.8.0_171.jdk/Contents/Home/jre/classes"/>
    <property name="java.vendor" value="Oracle Corporation"/>
    <property name="maven.home" value="/Applications/apache-maven-3.5.3"/>
    <property name="file.separator" value="/"/>
    <property name="java.vendor.url.bug" value="http://bugreport.sun.com/bugreport/"/>
    <property name="sun.cpu.endian" value="little"/>
    <property name="sun.io.unicode.encoding" value="UnicodeBig"/>
    <property name="sun.cpu.isalist" value=""/>
  </properties>
  <testcase name="testCanHandle" classname="org.wso2.carbon.identity.casque.authenticator.authenticator.CasqueAuthenticatorTest" time="0.012"/>
  <testcase name="testGetCasqueTokenId" classname="org.wso2.carbon.identity.casque.authenticator.authenticator.CasqueAuthenticatorTest" time="0.109"/>
  <testcase name="testGetCasqueTokenIdforTokenNull" classname="org.wso2.carbon.identity.casque.authenticator.authenticator.CasqueAuthenticatorTest" time="0.006"/>
  <testcase name="testGetCasqueTokenIdforToknIdBadFormat" classname="org.wso2.carbon.identity.casque.authenticator.authenticator.CasqueAuthenticatorTest" time="0.006"/>
  <testcase name="testGetCasqueTokenIdforToknIdForUnableToGetTokenId" classname="org.wso2.carbon.identity.casque.authenticator.authenticator.CasqueAuthenticatorTest" time="0.007"/>
  <testcase name="testGetFriendlyName" classname="org.wso2.carbon.identity.casque.authenticator.authenticator.CasqueAuthenticatorTest" time="0.001"/>
  <testcase name="testGetName" classname="org.wso2.carbon.identity.casque.authenticator.authenticator.CasqueAuthenticatorTest" time="0.001"/>
  <testcase name="testProcessLogoutRequest" classname="org.wso2.carbon.identity.casque.authenticator.authenticator.CasqueAuthenticatorTest" time="0.007"/>
  <testcase name="testProcessRadiusState" classname="org.wso2.carbon.identity.casque.authenticator.authenticator.CasqueAuthenticatorTest" time="0.01"/>
  <testcase name="testProcessRadiusState2" classname="org.wso2.carbon.identity.casque.authenticator.authenticator.CasqueAuthenticatorTest" time="0.009"/>
  <testcase name="testProcessRadiusState3" classname="org.wso2.carbon.identity.casque.authenticator.authenticator.CasqueAuthenticatorTest" time="0.004"/>
  <testcase name="testProcessRadiusState5" classname="org.wso2.carbon.identity.casque.authenticator.authenticator.CasqueAuthenticatorTest" time="0.016"/>
  <testcase name="testProcessRadiusStateLoginFail" classname="org.wso2.carbon.identity.casque.authenticator.authenticator.CasqueAuthenticatorTest" time="0.003"/>
  <testcase name="testRetryAuthenticationEnabled" classname="org.wso2.carbon.identity.casque.authenticator.authenticator.CasqueAuthenticatorTest" time="0"/>
</testsuite>